::1 - - [23/Feb/2019:20:01:23 -0700] "GET /styles/index.css HTTP/1.1" 200 61
::1 - - [23/Feb/2019:20:01:23 -0700] "GET /styles/main.css HTTP/1.1" 200 590
::1 - - [23/Feb/2019:20:01:40 -0700] "GET / HTTP/1.1" 200 372
::1 - - [23/Feb/2019:20:01:40 -0700] "GET /styles/main.css HTTP/1.1" 200 590
::1 - - [23/Feb/2019:20:01:40 -0700] "GET /styles/index.css HTTP/1.1" 200 61
::1 - - [23/Feb/2019:20:01:40 -0700] "GET /scripts/jquery.js HTTP/1.1" 200 36325
::1 - - [23/Feb/2019:20:01:43 -0700] "GET / HTTP/1.1" 304 0
::1 - - [23/Feb/2019:20:01:43 -0700] "GET /styles/main.css HTTP/1.1" 304 0
::1 - - [23/Feb/2019:20:01:43 -0700] "GET /scripts/jquery.js HTTP/1.1" 304 0
::1 - - [23/Feb/2019:20:01:43 -0700] "GET /styles/index.css HTTP/1.1" 304 0
::1 - - [23/Feb/2019:20:07:02 -0700] "GET / HTTP/1.1" 200 373
::1 - - [23/Feb/2019:20:07:02 -0700] "GET /styles/main.css HTTP/1.1" 304 0
::1 - - [23/Feb/2019:20:07:02 -0700] "GET /styles/index.css HTTP/1.1" 304 0
::1 - - [23/Feb/2019:20:07:02 -0700] "GET /scripts/jquery.js HTTP/1.1" 304 0
::1 - - [23/Feb/2019:20:07:03 -0700] "GET / HTTP/1.1" 304 0
::1 - - [23/Feb/2019:20:07:03 -0700] "GET /styles/index.css HTTP/1.1" 304 0
::1 - - [23/Feb/2019:20:07:03 -0700] "GET /styles/main.css HTTP/1.1" 304 0
::1 - - [23/Feb/2019:20:07:03 -0700] "GET /scripts/jquery.js HTTP/1.1" 304 0
::1 - - [23/Feb/2019:20:07:05 -0700] "GET / HTTP/1.1" 304 0
::1 - - [23/Feb/2019:20:07:05 -0700] "GET /styles/main.css HTTP/1.1" 304 0
::1 - - [23/Feb/2019:20:07:05 -0700] "GET /styles/index.css HTTP/1.1" 304 0
::1 - - [23/Feb/2019:20:07:05 -0700] "GET /scripts/jquery.js HTTP/1.1" 304 0
::1 - - [23/Feb/2019:20:07:36 -0700] "GET / HTTP/1.1" 200 395
::1 - - [23/Feb/2019:20:07:36 -0700] "GET /scripts/jquery.js HTTP/1.1" 304 0
::1 - - [23/Feb/2019:20:07:36 -0700] "GET /styles/main.css HTTP/1.1" 304 0
::1 - - [23/Feb/2019:20:07:36 -0700] "GET /styles/index.css HTTP/1.1" 304 0
::1 - - [23/Feb/2019:20:08:15 -0700] "GET / HTTP/1.1" 200 395
::1 - - [23/Feb/2019:20:08:15 -0700] "GET /styles/index.css HTTP/1.1" 304 0
::1 - - [23/Feb/2019:20:08:15 -0700] "GET /styles/main.css HTTP/1.1" 304 0
::1 - - [23/Feb/2019:20:08:15 -0700] "GET /scripts/jquery.js HTTP/1.1" 304 0
127.0.0.1 - - [23/Feb/2019:20:09:19 -0700] "GET / HTTP/1.1" 304 0
127.0.0.1 - - [23/Feb/2019:20:09:19 -0700] "GET /styles/main.css HTTP/1.1" 304 0
127.0.0.1 - - [23/Feb/2019:20:09:19 -0700] "GET /styles/index.css HTTP/1.1" 304 0
127.0.0.1 - - [23/Feb/2019:20:09:19 -0700] "GET /scripts/jquery.js HTTP/1.1" 304 0
127.0.0.1 - - [23/Feb/2019:20:10:39 -0700] "GET / HTTP/1.1" 304 0
127.0.0.1 - - [23/Feb/2019:20:10:40 -0700] "GET /styles/main.css HTTP/1.1" 304 0
127.0.0.1 - - [23/Feb/2019:20:10:40 -0700] "GET /styles/index.css HTTP/1.1" 304 0
127.0.0.1 - - [23/Feb/2019:20:10:40 -0700] "GET /scripts/jquery.js HTTP/1.1" 304 0
127.0.0.1 - - [23/Feb/2019:20:11:52 -0700] "GET / HTTP/1.1" 200 492
127.0.0.1 - - [23/Feb/2019:20:11:53 -0700] "GET /styles/main.css HTTP/1.1" 304 0
127.0.0.1 - - [23/Feb/2019:20:11:53 -0700] "GET /styles/index.css HTTP/1.1" 304 0
127.0.0.1 - - [23/Feb/2019:20:11:53 -0700] "GET /styles/header.css HTTP/1.1" 200 560
127.0.0.1 - - [23/Feb/2019:20:11:53 -0700] "GET /images/Site_logo.svg HTTP/1.1" 200 1042
127.0.0.1 - - [23/Feb/2019:20:12:05 -0700] "GET /photos HTTP/1.1" 404 38
127.0.0.1 - - [23/Feb/2019:20:12:08 -0700] "GET /about HTTP/1.1" 404 38
::1 - - [23/Feb/2019:20:14:58 -0700] "GET / HTTP/1.1" 200 492
::1 - - [23/Feb/2019:20:14:58 -0700] "GET /styles/main.css HTTP/1.1" 200 590
::1 - - [23/Feb/2019:20:14:58 -0700] "GET /styles/header.css HTTP/1.1" 200 560
::1 - - [23/Feb/2019:20:14:58 -0700] "GET /styles/index.css HTTP/1.1" 200 61
::1 - - [23/Feb/2019:20:14:58 -0700] "GET /images/Site_logo.svg HTTP/1.1" 200 1042
::1 - - [23/Feb/2019:20:15:01 -0700] "GET /favicon.ico HTTP/1.1" 404 14
127.0.0.1 - - [23/Feb/2019:20:21:33 -0700] "GET / HTTP/1.1" 304 0
127.0.0.1 - - [23/Feb/2019:20:21:33 -0700] "GET /styles/main.css HTTP/1.1" 304 0
127.0.0.1 - - [23/Feb/2019:20:21:33 -0700] "GET /styles/index.css HTTP/1.1" 304 0
127.0.0.1 - - [23/Feb/2019:20:21:33 -0700] "GET /styles/header.css HTTP/1.1" 304 0
127.0.0.1 - - [23/Feb/2019:20:21:33 -0700] "GET /images/Site_logo.svg HTTP/1.1" 200 1042
127.0.0.1 - - [23/Feb/2019:20:21:53 -0700] "GET / HTTP/1.1" 200 491
127.0.0.1 - - [23/Feb/2019:20:21:53 -0700] "GET /styles/main.css HTTP/1.1" 304 0
127.0.0.1 - - [23/Feb/2019:20:21:53 -0700] "GET /styles/header.css HTTP/1.1" 304 0
127.0.0.1 - - [23/Feb/2019:20:21:53 -0700] "GET /styles/index.css HTTP/1.1" 304 0
127.0.0.1 - - [23/Feb/2019:20:21:53 -0700] "GET /images/Site_logo.svg HTTP/1.1" 304 0
127.0.0.1 - - [23/Feb/2019:20:21:54 -0700] "GET / HTTP/1.1" 304 0
127.0.0.1 - - [23/Feb/2019:20:21:54 -0700] "GET /styles/main.css HTTP/1.1" 304 0
127.0.0.1 - - [23/Feb/2019:20:21:54 -0700] "GET /styles/index.css HTTP/1.1" 304 0
127.0.0.1 - - [23/Feb/2019:20:21:54 -0700] "GET /styles/header.css HTTP/1.1" 304 0
127.0.0.1 - - [23/Feb/2019:20:21:54 -0700] "GET /images/Site_logo.svg HTTP/1.1" 304 0
127.0.0.1 - - [23/Feb/2019:20:21:56 -0700] "GET / HTTP/1.1" 304 0
127.0.0.1 - - [23/Feb/2019:20:21:56 -0700] "GET /styles/main.css HTTP/1.1" 304 0
127.0.0.1 - - [23/Feb/2019:20:21:56 -0700] "GET /styles/header.css HTTP/1.1" 304 0
127.0.0.1 - - [23/Feb/2019:20:21:56 -0700] "GET /styles/index.css HTTP/1.1" 304 0
127.0.0.1 - - [23/Feb/2019:20:21:56 -0700] "GET /images/Site_logo.svg HTTP/1.1" 304 0
127.0.0.1 - - [23/Feb/2019:20:27:52 -0700] "GET / HTTP/1.1" 200 491
127.0.0.1 - - [23/Feb/2019:20:27:52 -0700] "GET /styles/main.css HTTP/1.1" 200 590
127.0.0.1 - - [23/Feb/2019:20:27:52 -0700] "GET /styles/header.css HTTP/1.1" 200 560
127.0.0.1 - - [23/Feb/2019:20:27:52 -0700] "GET /styles/index.css HTTP/1.1" 200 61
127.0.0.1 - - [23/Feb/2019:20:27:52 -0700] "GET /images/Site_logo.svg HTTP/1.1" 200 1042
127.0.0.1 - - [23/Feb/2019:20:33:42 -0700] "GET / HTTP/1.1" 200 486
127.0.0.1 - - [23/Feb/2019:20:33:42 -0700] "GET /styles/main.css HTTP/1.1" 200 590
127.0.0.1 - - [23/Feb/2019:20:33:42 -0700] "GET /styles/header.css HTTP/1.1" 200 560
127.0.0.1 - - [23/Feb/2019:20:33:42 -0700] "GET /styles/index.css HTTP/1.1" 200 61
127.0.0.1 - - [23/Feb/2019:20:33:42 -0700] "GET /images/Site_logo.svg HTTP/1.1" 304 0
127.0.0.1 - - [23/Feb/2019:20:34:01 -0700] "GET /about HTTP/1.1" 404 38
::1 - - [24/Feb/2019:11:09:16 -0700] "GET / HTTP/1.1" 200 549
::1 - - [24/Feb/2019:11:09:16 -0700] "GET /images/Site_Logo.svg HTTP/1.1" 200 1042
::1 - - [24/Feb/2019:11:09:16 -0700] "GET /favicon.ico HTTP/1.1" 404 14
::1 - - [24/Feb/2019:11:13:27 -0700] "GET / HTTP/1.1" 304 0
::1 - - [24/Feb/2019:11:13:27 -0700] "GET /styles/main.css HTTP/1.1" 304 0
::1 - - [24/Feb/2019:11:13:27 -0700] "GET /styles/index.css HTTP/1.1" 200 96
::1 - - [24/Feb/2019:11:13:27 -0700] "GET /styles/header.css HTTP/1.1" 304 0
::1 - - [24/Feb/2019:11:13:27 -0700] "GET /images/Site_Logo.svg HTTP/1.1" 304 0
::1 - - [24/Feb/2019:11:14:51 -0700] "GET / HTTP/1.1" 304 0
::1 - - [24/Feb/2019:11:14:51 -0700] "GET /styles/main.css HTTP/1.1" 200 589
::1 - - [24/Feb/2019:11:14:51 -0700] "GET /styles/index.css HTTP/1.1" 304 0
::1 - - [24/Feb/2019:11:14:51 -0700] "GET /styles/header.css HTTP/1.1" 304 0
::1 - - [24/Feb/2019:11:14:51 -0700] "GET /images/Site_Logo.svg HTTP/1.1" 304 0
::1 - - [24/Feb/2019:11:15:04 -0700] "GET / HTTP/1.1" 304 0
::1 - - [24/Feb/2019:11:15:04 -0700] "GET /styles/main.css HTTP/1.1" 200 590
::1 - - [24/Feb/2019:11:15:04 -0700] "GET /styles/header.css HTTP/1.1" 304 0
::1 - - [24/Feb/2019:11:15:04 -0700] "GET /styles/index.css HTTP/1.1" 304 0
::1 - - [24/Feb/2019:11:15:04 -0700] "GET /images/Site_Logo.svg HTTP/1.1" 304 0
::1 - - [24/Feb/2019:11:15:43 -0700] "GET / HTTP/1.1" 304 0
::1 - - [24/Feb/2019:11:15:43 -0700] "GET /styles/main.css HTTP/1.1" 304 0
::1 - - [24/Feb/2019:11:15:43 -0700] "GET /styles/header.css HTTP/1.1" 304 0
::1 - - [24/Feb/2019:11:15:43 -0700] "GET /styles/index.css HTTP/1.1" 200 108
::1 - - [24/Feb/2019:11:15:43 -0700] "GET /images/Site_Logo.svg HTTP/1.1" 304 0
::1 - - [24/Feb/2019:11:16:14 -0700] "GET / HTTP/1.1" 304 0
::1 - - [24/Feb/2019:11:16:14 -0700] "GET /styles/main.css HTTP/1.1" 304 0
::1 - - [24/Feb/2019:11:16:14 -0700] "GET /styles/header.css HTTP/1.1" 304 0
::1 - - [24/Feb/2019:11:16:14 -0700] "GET /styles/index.css HTTP/1.1" 200 97
::1 - - [24/Feb/2019:11:16:14 -0700] "GET /images/Site_Logo.svg HTTP/1.1" 304 0
::1 - - [24/Feb/2019:11:17:29 -0700] "GET / HTTP/1.1" 304 0
::1 - - [24/Feb/2019:11:17:29 -0700] "GET /styles/main.css HTTP/1.1" 304 0
::1 - - [24/Feb/2019:11:17:29 -0700] "GET /styles/header.css HTTP/1.1" 304 0
::1 - - [24/Feb/2019:11:17:29 -0700] "GET /styles/index.css HTTP/1.1" 200 124
::1 - - [24/Feb/2019:11:17:29 -0700] "GET /images/Site_Logo.svg HTTP/1.1" 304 0
::1 - - [24/Feb/2019:11:17:37 -0700] "GET / HTTP/1.1" 304 0
::1 - - [24/Feb/2019:11:17:37 -0700] "GET /styles/index.css HTTP/1.1" 200 124
::1 - - [24/Feb/2019:11:17:37 -0700] "GET /styles/main.css HTTP/1.1" 304 0
::1 - - [24/Feb/2019:11:17:37 -0700] "GET /styles/header.css HTTP/1.1" 304 0
::1 - - [24/Feb/2019:11:17:37 -0700] "GET /images/Site_Logo.svg HTTP/1.1" 304 0
::1 - - [24/Feb/2019:11:24:35 -0700] "GET / HTTP/1.1" 200 566
::1 - - [24/Feb/2019:11:24:35 -0700] "GET /styles/main.css HTTP/1.1" 304 0
::1 - - [24/Feb/2019:11:24:35 -0700] "GET /styles/index.css HTTP/1.1" 200 188
::1 - - [24/Feb/2019:11:24:35 -0700] "GET /styles/header.css HTTP/1.1" 304 0
::1 - - [24/Feb/2019:11:24:35 -0700] "GET /images/Site_Logo.svg HTTP/1.1" 304 0
::1 - - [24/Feb/2019:11:25:31 -0700] "GET / HTTP/1.1" 304 0
::1 - - [24/Feb/2019:11:25:31 -0700] "GET /styles/main.css HTTP/1.1" 304 0
::1 - - [24/Feb/2019:11:25:31 -0700] "GET /styles/index.css HTTP/1.1" 200 203
::1 - - [24/Feb/2019:11:25:31 -0700] "GET /styles/header.css HTTP/1.1" 304 0
::1 - - [24/Feb/2019:11:25:31 -0700] "GET /images/Site_Logo.svg HTTP/1.1" 304 0
::1 - - [24/Feb/2019:11:26:33 -0700] "GET / HTTP/1.1" 304 0
::1 - - [24/Feb/2019:11:26:33 -0700] "GET /styles/main.css HTTP/1.1" 304 0
::1 - - [24/Feb/2019:11:26:33 -0700] "GET /styles/index.css HTTP/1.1" 200 214
::1 - - [24/Feb/2019:11:26:33 -0700] "GET /styles/header.css HTTP/1.1" 304 0
::1 - - [24/Feb/2019:11:26:33 -0700] "GET /images/Site_Logo.svg HTTP/1.1" 304 0
::1 - - [24/Feb/2019:11:26:34 -0700] "GET / HTTP/1.1" 304 0
::1 - - [24/Feb/2019:11:26:35 -0700] "GET /styles/main.css HTTP/1.1" 304 0
::1 - - [24/Feb/2019:11:26:35 -0700] "GET /styles/index.css HTTP/1.1" 304 0
::1 - - [24/Feb/2019:11:26:35 -0700] "GET /styles/header.css HTTP/1.1" 304 0
::1 - - [24/Feb/2019:11:26:35 -0700] "GET /images/Site_Logo.svg HTTP/1.1" 304 0
::1 - - [24/Feb/2019:11:28:34 -0700] "GET / HTTP/1.1" 304 0
::1 - - [24/Feb/2019:11:28:34 -0700] "GET /styles/main.css HTTP/1.1" 304 0
::1 - - [24/Feb/2019:11:28:34 -0700] "GET /styles/index.css HTTP/1.1" 200 203
::1 - - [24/Feb/2019:11:28:34 -0700] "GET /styles/header.css HTTP/1.1" 304 0
::1 - - [24/Feb/2019:11:28:34 -0700] "GET /images/Site_Logo.svg HTTP/1.1" 304 0
::1 - - [24/Feb/2019:11:28:50 -0700] "GET / HTTP/1.1" 304 0
::1 - - [24/Feb/2019:11:28:50 -0700] "GET /styles/main.css HTTP/1.1" 304 0
::1 - - [24/Feb/2019:11:28:50 -0700] "GET /styles/index.css HTTP/1.1" 200 214
::1 - - [24/Feb/2019:11:28:50 -0700] "GET /styles/header.css HTTP/1.1" 304 0
::1 - - [24/Feb/2019:11:28:50 -0700] "GET /images/Site_Logo.svg HTTP/1.1" 304 0
::1 - - [24/Feb/2019:12:03:13 -0700] "GET /styles/main.css HTTP/1.1" 200 590
::1 - - [24/Feb/2019:12:03:13 -0700] "GET /styles/main.css HTTP/1.1" 200 590
::1 - - [24/Feb/2019:12:03:15 -0700] "GET / HTTP/1.1" 200 603
::1 - - [24/Feb/2019:12:03:15 -0700] "GET /styles/main.css HTTP/1.1" 304 0
::1 - - [24/Feb/2019:12:03:15 -0700] "GET /scripts/index.js HTTP/1.1" 200 306
::1 - - [24/Feb/2019:12:03:15 -0700] "GET /styles/index.css HTTP/1.1" 200 221
::1 - - [24/Feb/2019:12:03:15 -0700] "GET /styles/header.css HTTP/1.1" 304 0
::1 - - [24/Feb/2019:12:03:15 -0700] "GET /scripts/jquery.js HTTP/1.1" 304 0
::1 - - [24/Feb/2019:12:03:16 -0700] "GET /images/Site_Logo.svg HTTP/1.1" 200 1042
::1 - - [24/Feb/2019:12:03:16 -0700] "GET /favicon.ico HTTP/1.1" 404 14
::1 - - [24/Feb/2019:12:03:55 -0700] "GET / HTTP/1.1" 304 0
::1 - - [24/Feb/2019:12:03:56 -0700] "GET /styles/index.css HTTP/1.1" 304 0
::1 - - [24/Feb/2019:12:03:56 -0700] "GET /styles/main.css HTTP/1.1" 304 0
::1 - - [24/Feb/2019:12:03:56 -0700] "GET /scripts/jquery.js HTTP/1.1" 304 0
::1 - - [24/Feb/2019:12:03:56 -0700] "GET /styles/header.css HTTP/1.1" 304 0
::1 - - [24/Feb/2019:12:03:56 -0700] "GET /scripts/index.js HTTP/1.1" 200 308
::1 - - [24/Feb/2019:12:03:56 -0700] "GET /images/Site_Logo.svg HTTP/1.1" 304 0
::1 - - [24/Feb/2019:12:04:14 -0700] "GET / HTTP/1.1" 304 0
::1 - - [24/Feb/2019:12:04:14 -0700] "GET /styles/main.css HTTP/1.1" 304 0
::1 - - [24/Feb/2019:12:04:14 -0700] "GET /styles/index.css HTTP/1.1" 304 0
::1 - - [24/Feb/2019:12:04:14 -0700] "GET /scripts/jquery.js HTTP/1.1" 304 0
::1 - - [24/Feb/2019:12:04:14 -0700] "GET /styles/header.css HTTP/1.1" 304 0
::1 - - [24/Feb/2019:12:04:14 -0700] "GET /scripts/index.js HTTP/1.1" 200 303
::1 - - [24/Feb/2019:12:04:14 -0700] "GET /images/Site_Logo.svg HTTP/1.1" 304 0
::1 - - [24/Feb/2019:12:04:54 -0700] "GET / HTTP/1.1" 304 0
::1 - - [24/Feb/2019:12:04:54 -0700] "GET /styles/main.css HTTP/1.1" 304 0
::1 - - [24/Feb/2019:12:04:54 -0700] "GET /styles/index.css HTTP/1.1" 304 0
::1 - - [24/Feb/2019:12:04:54 -0700] "GET /scripts/jquery.js HTTP/1.1" 304 0
::1 - - [24/Feb/2019:12:04:54 -0700] "GET /styles/header.css HTTP/1.1" 304 0
::1 - - [24/Feb/2019:12:04:54 -0700] "GET /scripts/index.js HTTP/1.1" 200 325
::1 - - [24/Feb/2019:12:04:54 -0700] "GET /images/Site_Logo.svg HTTP/1.1" 304 0
::1 - - [24/Feb/2019:12:17:27 -0700] "GET / HTTP/1.1" 200 605
::1 - - [24/Feb/2019:12:17:28 -0700] "GET /styles/main.css HTTP/1.1" 200 590
::1 - - [24/Feb/2019:12:17:28 -0700] "GET /scripts/index.js HTTP/1.1" 200 379
::1 - - [24/Feb/2019:12:17:28 -0700] "GET /styles/index.css HTTP/1.1" 200 221
::1 - - [24/Feb/2019:12:17:28 -0700] "GET /styles/header.css HTTP/1.1" 200 560
::1 - - [24/Feb/2019:12:17:28 -0700] "GET /scripts/jquery.js HTTP/1.1" 304 0
::1 - - [24/Feb/2019:12:17:28 -0700] "GET /images/Site_Logo.svg HTTP/1.1" 200 1042
::1 - - [24/Feb/2019:12:17:28 -0700] "GET /favicon.ico HTTP/1.1" 404 14
::1 - - [24/Feb/2019:12:17:46 -0700] "GET / HTTP/1.1" 200 605
::1 - - [24/Feb/2019:12:17:46 -0700] "GET /styles/main.css HTTP/1.1" 304 0
::1 - - [24/Feb/2019:12:17:46 -0700] "GET /styles/header.css HTTP/1.1" 304 0
::1 - - [24/Feb/2019:12:17:46 -0700] "GET /styles/index.css HTTP/1.1" 304 0
::1 - - [24/Feb/2019:12:17:46 -0700] "GET /scripts/index.js HTTP/1.1" 200 379
::1 - - [24/Feb/2019:12:17:46 -0700] "GET /scripts/jquery.js HTTP/1.1" 304 0
::1 - - [24/Feb/2019:12:17:46 -0700] "GET /images/Site_Logo.svg HTTP/1.1" 304 0
::1 - - [24/Feb/2019:13:16:33 -0700] "GET / HTTP/1.1" 200 662
::1 - - [24/Feb/2019:13:16:33 -0700] "GET /styles/main.css HTTP/1.1" 304 0
::1 - - [24/Feb/2019:13:16:33 -0700] "GET /styles/index.css HTTP/1.1" 304 0
::1 - - [24/Feb/2019:13:16:33 -0700] "GET /styles/header.css HTTP/1.1" 304 0
::1 - - [24/Feb/2019:13:16:33 -0700] "GET /scripts/jquery.js HTTP/1.1" 304 0
::1 - - [24/Feb/2019:13:16:33 -0700] "GET /scripts/index.js HTTP/1.1" 200 365
::1 - - [24/Feb/2019:13:16:33 -0700] "GET /images/Site_Logo.svg HTTP/1.1" 200 1042
::1 - - [24/Feb/2019:13:17:10 -0700] "GET / HTTP/1.1" 304 0
::1 - - [24/Feb/2019:13:17:10 -0700] "GET /styles/main.css HTTP/1.1" 304 0
::1 - - [24/Feb/2019:13:17:10 -0700] "GET /styles/index.css HTTP/1.1" 304 0
::1 - - [24/Feb/2019:13:17:10 -0700] "GET /styles/header.css HTTP/1.1" 304 0
::1 - - [24/Feb/2019:13:17:10 -0700] "GET /scripts/jquery.js HTTP/1.1" 304 0
::1 - - [24/Feb/2019:13:17:10 -0700] "GET /scripts/index.js HTTP/1.1" 200 386
::1 - - [24/Feb/2019:13:17:10 -0700] "GET /images/Site_Logo.svg HTTP/1.1" 304 0
::1 - - [24/Feb/2019:13:19:07 -0700] "GET / HTTP/1.1" 200 662
::1 - - [24/Feb/2019:13:19:07 -0700] "GET /styles/main.css HTTP/1.1" 304 0
::1 - - [24/Feb/2019:13:19:07 -0700] "GET /styles/index.css HTTP/1.1" 304 0
::1 - - [24/Feb/2019:13:19:07 -0700] "GET /styles/header.css HTTP/1.1" 304 0
::1 - - [24/Feb/2019:13:19:07 -0700] "GET /scripts/jquery.js HTTP/1.1" 304 0
::1 - - [24/Feb/2019:13:19:07 -0700] "GET /scripts/index.js HTTP/1.1" 304 0
::1 - - [24/Feb/2019:13:19:07 -0700] "GET /images/Site_Logo.svg HTTP/1.1" 304 0
::1 - - [24/Feb/2019:13:20:52 -0700] "GET / HTTP/1.1" 200 642
::1 - - [24/Feb/2019:13:20:52 -0700] "GET /styles/index.css HTTP/1.1" 304 0
::1 - - [24/Feb/2019:13:20:52 -0700] "GET /styles/main.css HTTP/1.1" 304 0
::1 - - [24/Feb/2019:13:20:52 -0700] "GET /styles/header.css HTTP/1.1" 304 0
::1 - - [24/Feb/2019:13:20:52 -0700] "GET /scripts/jquery.js HTTP/1.1" 304 0
::1 - - [24/Feb/2019:13:20:52 -0700] "GET /scripts/index.js HTTP/1.1" 304 0
::1 - - [24/Feb/2019:13:20:52 -0700] "GET /images/Site_Logo.svg HTTP/1.1" 304 0
::1 - - [24/Feb/2019:13:21:08 -0700] "GET / HTTP/1.1" 200 642
::1 - - [24/Feb/2019:13:21:08 -0700] "GET /styles/index.css HTTP/1.1" 304 0
::1 - - [24/Feb/2019:13:21:08 -0700] "GET /styles/main.css HTTP/1.1" 304 0
::1 - - [24/Feb/2019:13:21:08 -0700] "GET /scripts/jquery.js HTTP/1.1" 304 0
::1 - - [24/Feb/2019:13:21:08 -0700] "GET /styles/header.css HTTP/1.1" 304 0
::1 - - [24/Feb/2019:13:21:08 -0700] "GET /scripts/index.js HTTP/1.1" 304 0
::1 - - [24/Feb/2019:13:21:09 -0700] "GET /images/Site_Logo.svg HTTP/1.1" 304 0
::1 - - [24/Feb/2019:13:21:10 -0700] "GET /?content=About HTTP/1.1" 200 642
::1 - - [24/Feb/2019:13:21:13 -0700] "GET /?content=Content HTTP/1.1" 200 642
::1 - - [24/Feb/2019:13:21:16 -0700] "GET /?content=WebsiteGuide HTTP/1.1" 200 642
::1 - - [24/Feb/2019:13:22:33 -0700] "GET /?content=WebsiteGuide HTTP/1.1" 304 0
::1 - - [24/Feb/2019:13:22:33 -0700] "GET /styles/index.css HTTP/1.1" 304 0
::1 - - [24/Feb/2019:13:22:33 -0700] "GET /styles/header.css HTTP/1.1" 304 0
::1 - - [24/Feb/2019:13:22:33 -0700] "GET /scripts/jquery.js HTTP/1.1" 304 0
::1 - - [24/Feb/2019:13:22:33 -0700] "GET /styles/main.css HTTP/1.1" 304 0
::1 - - [24/Feb/2019:13:22:33 -0700] "GET /scripts/index.js HTTP/1.1" 200 408
::1 - - [24/Feb/2019:13:22:34 -0700] "GET /images/Site_Logo.svg HTTP/1.1" 304 0
::1 - - [24/Feb/2019:13:23:16 -0700] "GET /?content=WebsiteGuide HTTP/1.1" 200 642
::1 - - [24/Feb/2019:13:23:17 -0700] "GET /styles/main.css HTTP/1.1" 304 0
::1 - - [24/Feb/2019:13:23:17 -0700] "GET /styles/index.css HTTP/1.1" 304 0
::1 - - [24/Feb/2019:13:23:17 -0700] "GET /scripts/jquery.js HTTP/1.1" 304 0
::1 - - [24/Feb/2019:13:23:17 -0700] "GET /styles/header.css HTTP/1.1" 304 0
::1 - - [24/Feb/2019:13:23:17 -0700] "GET /scripts/index.js HTTP/1.1" 304 0
::1 - - [24/Feb/2019:13:23:17 -0700] "GET /images/Site_Logo.svg HTTP/1.1" 304 0
::1 - - [24/Feb/2019:13:23:19 -0700] "GET /?content=contact HTTP/1.1" 200 642
::1 - - [24/Feb/2019:13:23:21 -0700] "GET /?content=about HTTP/1.1" 200 642
::1 - - [24/Feb/2019:13:23:21 -0700] "GET /scripts/index.js HTTP/1.1" 304 0
::1 - - [24/Feb/2019:13:23:22 -0700] "GET /?content=websiteGuide HTTP/1.1" 200 642
::1 - - [24/Feb/2019:13:29:24 -0700] "GET /?content=websiteGuide HTTP/1.1" 200 634
::1 - - [24/Feb/2019:13:29:25 -0700] "GET /scripts/index.js HTTP/1.1" 304 0
::1 - - [24/Feb/2019:13:29:26 -0700] "GET /?content=contact HTTP/1.1" 200 634
::1 - - [24/Feb/2019:13:29:28 -0700] "GET /?content=about HTTP/1.1" 200 634
::1 - - [24/Feb/2019:13:29:57 -0700] "GET /?content=about HTTP/1.1" 304 0
::1 - - [24/Feb/2019:13:29:57 -0700] "GET /styles/main.css HTTP/1.1" 304 0
::1 - - [24/Feb/2019:13:29:57 -0700] "GET /styles/index.css HTTP/1.1" 304 0
::1 - - [24/Feb/2019:13:29:57 -0700] "GET /scripts/jquery.js HTTP/1.1" 304 0
::1 - - [24/Feb/2019:13:29:57 -0700] "GET /styles/header.css HTTP/1.1" 304 0
::1 - - [24/Feb/2019:13:29:57 -0700] "GET /scripts/index.js HTTP/1.1" 200 411
::1 - - [24/Feb/2019:13:29:58 -0700] "GET /images/Site_Logo.svg HTTP/1.1" 304 0
::1 - - [24/Feb/2019:13:29:59 -0700] "GET /?content=contact HTTP/1.1" 304 0
::1 - - [24/Feb/2019:13:29:59 -0700] "GET /scripts/index.js HTTP/1.1" 304 0
::1 - - [24/Feb/2019:13:30:01 -0700] "GET /?content=websiteGuide HTTP/1.1" 200 634
::1 - - [24/Feb/2019:13:30:01 -0700] "GET /scripts/index.js HTTP/1.1" 304 0
::1 - - [24/Feb/2019:13:30:03 -0700] "GET /about HTTP/1.1" 404 38
::1 - - [24/Feb/2019:13:30:06 -0700] "GET /?content=websiteGuide HTTP/1.1" 200 634
::1 - - [24/Feb/2019:13:30:08 -0700] "GET / HTTP/1.1" 200 634
::1 - - [24/Feb/2019:13:30:08 -0700] "GET /scripts/index.js HTTP/1.1" 304 0
::1 - - [24/Feb/2019:13:30:22 -0700] "GET / HTTP/1.1" 304 0
::1 - - [24/Feb/2019:13:30:22 -0700] "GET /scripts/index.js HTTP/1.1" 200 410
::1 - - [24/Feb/2019:13:30:25 -0700] "GET /?content=contact HTTP/1.1" 304 0
::1 - - [24/Feb/2019:13:30:25 -0700] "GET /scripts/index.js HTTP/1.1" 304 0
::1 - - [24/Feb/2019:13:30:26 -0700] "GET /?content=websiteGuide HTTP/1.1" 304 0
::1 - - [24/Feb/2019:13:30:26 -0700] "GET /scripts/index.js HTTP/1.1" 304 0
::1 - - [24/Feb/2019:13:33:57 -0700] "GET / HTTP/1.1" 304 0
::1 - - [24/Feb/2019:13:33:57 -0700] "GET /scripts/index.js HTTP/1.1" 304 0
::1 - - [24/Feb/2019:13:34:34 -0700] "GET / HTTP/1.1" 200 641
::1 - - [24/Feb/2019:13:34:34 -0700] "GET /styles/main.css HTTP/1.1" 304 0
::1 - - [24/Feb/2019:13:34:34 -0700] "GET /styles/index.css HTTP/1.1" 304 0
::1 - - [24/Feb/2019:13:34:34 -0700] "GET /styles/header.css HTTP/1.1" 304 0
::1 - - [24/Feb/2019:13:34:34 -0700] "GET /scripts/jquery.js HTTP/1.1" 304 0
::1 - - [24/Feb/2019:13:34:34 -0700] "GET /scripts/index.js HTTP/1.1" 304 0
::1 - - [24/Feb/2019:13:34:34 -0700] "GET /images/Site_Logo.svg HTTP/1.1" 200 1042
::1 - - [24/Feb/2019:13:34:39 -0700] "GET / HTTP/1.1" 200 641
::1 - - [24/Feb/2019:13:34:41 -0700] "GET /?content=contact HTTP/1.1" 200 641
::1 - - [24/Feb/2019:13:34:42 -0700] "GET /?content=websiteGuide HTTP/1.1" 200 641
